<?xml version="1.0" encoding="UTF-8"?>
<!-- Generated by org.testng.reporters.JUnitReportReporter -->
<testsuite skipped="0" hostname="360NDCPC070" name="ant" tests="1" failures="0" timestamp="11 Oct 2017 10:33:33 GMT" time="0.000" errors="0">
  <testcase name="display" time="0.000" classname="ant"/>
</testsuite> <!-- ant -->
