<?xml version="1.0" encoding="UTF-8"?>
<!-- Generated by org.testng.reporters.JUnitReportReporter -->
<testsuite skipped="0" hostname="360NDCPC070" name="ant" tests="1" failures="0" timestamp="06 Sep 2017 11:48:55 GMT" time="0.016" errors="0">
  <testcase name="display" time="0.016" classname="ant"/>
</testsuite> <!-- ant -->
